{
  "0 debug pnpm:scope": {
    "selected": 1,
    "total": 1,
    "workspacePrefix": "/home/petr/GitHub/pnpm-workspace-prod-bug"
  },
  "1 debug pnpm:package-manifest": {
    "initial": {
      "name": "gui",
      "version": "1.0.0",
      "description": "",
      "main": "index.js",
      "scripts": {
        "test": "echo \"Error: no test specified\" && exit 1"
      },
      "author": "",
      "license": "ISC",
      "devDependencies": {
        "tests": "link:../tests",
        "non-existent-package": "link:../non-existent-package"
      }
    },
    "prefix": "/home/petr/GitHub/pnpm-workspace-prod-bug/gui"
  },
  "2 debug pnpm:context": {
    "currentLockfileExists": false,
    "storeDir": "/home/petr/.pnpm-store/v3",
    "virtualStoreDir": "/home/petr/GitHub/pnpm-workspace-prod-bug/node_modules/.pnpm"
  },
  "3 debug pnpm:stage": {
    "prefix": "/home/petr/GitHub/pnpm-workspace-prod-bug",
    "stage": "resolution_started"
  },
  "4 error pnpm": {
    "code": "ERR_PNPM_LINKED_PKG_DIR_NOT_FOUND",
    "pkgsStack": [],
    "err": {
      "name": "Error",
      "message": "Could not install from \"/home/petr/GitHub/pnpm-workspace-prod-bug/non-existent-package\" as it does not exist.",
      "code": "ERR_PNPM_LINKED_PKG_DIR_NOT_FOUND",
      "stack": "Error: Could not install from \"/home/petr/GitHub/pnpm-workspace-prod-bug/non-existent-package\" as it does not exist.\n    at Object.resolveLocal [as default] (/home/petr/.nvm/versions/node/v16.1.0/pnpm-global/5/node_modules/.pnpm/pnpm@6.14.3/node_modules/pnpm/dist/pnpm.cjs:83978:17)\n    at async Object.resolve (/home/petr/.nvm/versions/node/v16.1.0/pnpm-global/5/node_modules/.pnpm/pnpm@6.14.3/node_modules/pnpm/dist/pnpm.cjs:84860:309)\n    at async run (/home/petr/.nvm/versions/node/v16.1.0/pnpm-global/5/node_modules/.pnpm/pnpm@6.14.3/node_modules/pnpm/dist/pnpm.cjs:70815:23)"
    }
  },
  "5 debug pnpm:_dependency_resolved": {
    "resolution": "link:../tests",
    "wanted": {
      "dependentId": "gui",
      "name": "tests",
      "rawSpec": "link:../tests"
    }
  }
}